<?xml version="1.0" encoding="UTF-8"?>
<!-- Generated by org.testng.reporters.JUnitReportReporter -->
<testsuite hostname="LAPTOP-05EC6DSQ" failures="0" tests="3" name="TestNg_Assignment.CarLoan_Group" time="0.015" errors="0" timestamp="2023-06-15T10:48:48 IST" skipped="0">
  <testcase classname="TestNg_Assignment.CarLoan_Group" name="WebLoginCarLoan" time="0.001"/>
  <system-out/>
  <testcase classname="TestNg_Assignment.CarLoan_Group" name="APILoginCarLoan" time="0.013"/>
  <system-out/>
  <testcase classname="TestNg_Assignment.CarLoan_Group" name="MobileLoginCarLoan" time="0.001"/>
  <system-out/>
</testsuite> <!-- TestNg_Assignment.CarLoan_Group -->
