<?xml version="1.0" encoding="UTF-8"?>
<!-- Generated by org.testng.reporters.JUnitReportReporter -->
<testsuite hostname="LAPTOP-05EC6DSQ" failures="0" tests="1" name="TestNg_Assignment.FacebookLogin_testNg" time="0.408" errors="0" timestamp="2023-06-15T10:54:18 IST" skipped="0">
  <testcase classname="TestNg_Assignment.FacebookLogin_testNg" name="testlogin" time="0.408"/>
  <system-out/>
</testsuite> <!-- TestNg_Assignment.FacebookLogin_testNg -->
