<?xml version="1.0" encoding="UTF-8"?>
<!-- Generated by org.testng.reporters.JUnitReportReporter -->
<testsuite hostname="LAPTOP-05EC6DSQ" failures="0" tests="1" name="Framework.DataDivenDemo" time="0.000" errors="0" timestamp="2023-06-21T12:31:42 IST" skipped="1">
  <testcase classname="Framework.DataDivenDemo" name="logintest" time="0.000">
    <skipped/>
  </testcase> <!-- logintest -->
  <system-out/>
</testsuite> <!-- Framework.DataDivenDemo -->
