<?xml version="1.0" encoding="UTF-8"?>
<!-- Generated by org.testng.reporters.JUnitReportReporter -->
<testsuite hostname="LAPTOP-05EC6DSQ" failures="0" tests="2" name="testNg.TestNg_Learningss.Cart_Manage" time="0.002" errors="0" timestamp="2023-06-13T12:08:31 IST" skipped="0">
  <testcase classname="testNg.TestNg_Learningss.Cart_Manage" name="editcart" time="0.001"/>
  <system-out/>
  <testcase classname="testNg.TestNg_Learningss.Cart_Manage" name="addtocart" time="0.001"/>
  <system-out/>
</testsuite> <!-- testNg.TestNg_Learningss.Cart_Manage -->
