<?xml version="1.0" encoding="UTF-8"?>
<!-- Generated by org.testng.reporters.JUnitReportReporter -->
<testsuite hostname="LAPTOP-05EC6DSQ" failures="0" tests="2" name="testNg.TestNg_Learningss.Index_page" time="0.011" errors="0" timestamp="2023-06-13T12:08:31 IST" skipped="0">
  <testcase classname="testNg.TestNg_Learningss.Index_page" name="login" time="0.007"/>
  <system-out/>
  <testcase classname="testNg.TestNg_Learningss.Index_page" name="logout" time="0.004"/>
  <system-out/>
</testsuite> <!-- testNg.TestNg_Learningss.Index_page -->
