<?xml version="1.0" encoding="UTF-8"?>
<!-- Generated by org.testng.reporters.JUnitReportReporter -->
<testsuite hostname="LAPTOP-05EC6DSQ" failures="0" tests="1" name="TestNg_Assignment.HomeLoan_Group" time="0.010" errors="0" timestamp="2023-06-10T19:30:33 IST" skipped="0">
  <testcase classname="TestNg_Assignment.HomeLoan_Group" name="MobileLoginHomeLoan" time="0.010"/>
  <system-out/>
</testsuite> <!-- TestNg_Assignment.HomeLoan_Group -->
