<?xml version="1.0" encoding="UTF-8"?>
<!-- Generated by org.testng.reporters.JUnitReportReporter -->
<testsuite hostname="LAPTOP-05EC6DSQ" failures="0" tests="1" name="TestNg_Assignment.Facebook_Login_testNg" time="0.240" errors="0" timestamp="2023-06-09T15:03:07 IST" skipped="0">
  <testcase classname="TestNg_Assignment.Facebook_Login_testNg" name="testlogin" time="0.240"/>
  <system-out/>
</testsuite> <!-- TestNg_Assignment.Facebook_Login_testNg -->
