<?xml version="1.0" encoding="UTF-8"?>
<!-- Generated by org.testng.reporters.JUnitReportReporter -->
<testsuite hostname="LAPTOP-05EC6DSQ" failures="0" tests="1" name="TestNg_Assignment.PersonalLoan_Group" time="0.002" errors="0" timestamp="2023-06-10T19:30:33 IST" skipped="0">
  <testcase classname="TestNg_Assignment.PersonalLoan_Group" name="WebLoginPersonalLoan" time="0.002"/>
  <system-out/>
</testsuite> <!-- TestNg_Assignment.PersonalLoan_Group -->
