<?xml version="1.0" encoding="UTF-8"?>
<!-- Generated by org.testng.reporters.JUnitReportReporter -->
<testsuite hostname="LAPTOP-05EC6DSQ" failures="0" tests="4" name="testNg.TestNg_Learningss.Login_TestNg" time="1.267" errors="0" timestamp="2023-06-09T23:24:20 IST" skipped="0">
  <testcase classname="testNg.TestNg_Learningss.Login_TestNg" name="testlogin" time="0.295"/>
  <system-out/>
  <testcase classname="testNg.TestNg_Learningss.Login_TestNg" name="testlogin" time="0.367"/>
  <system-out/>
  <testcase classname="testNg.TestNg_Learningss.Login_TestNg" name="testlogin" time="0.306"/>
  <system-out/>
  <testcase classname="testNg.TestNg_Learningss.Login_TestNg" name="testlogin" time="0.299"/>
  <system-out/>
</testsuite> <!-- testNg.TestNg_Learningss.Login_TestNg -->
